-------------------------------------------------------------------------------
Test set: it.unipd.mtss.AppTest
-------------------------------------------------------------------------------
Tests run: 1, Failures: 1, Errors: 0, Skipped: 0, Time elapsed: 0.033 s <<< FAILURE! - in it.unipd.mtss.AppTest
shouldAnswerWithTrue(it.unipd.mtss.AppTest)  Time elapsed: 0.007 s  <<< FAILURE!
java.lang.AssertionError
	at it.unipd.mtss.AppTest.shouldAnswerWithTrue(AppTest.java:21)

