<?xml version="1.0" encoding="UTF-8"?>
<testsuite xmlns:xsi="http://www.w3.org/2001/XMLSchema-instance" xsi:noNamespaceSchemaLocation="https://maven.apache.org/surefire/maven-surefire-plugin/xsd/surefire-test-report.xsd" name="it.unipd.mtss.RomanLettersTest" time="0.055" tests="8" errors="0" skipped="0" failures="1">
  <properties>
[...]
</properties>
  <testcase name="testEnumValues" classname="it.unipd.mtss.RomanLettersTest" time="0.004"/>
  <testcase name="testFromCharInvalid" classname="it.unipd.mtss.RomanLettersTest" time="0"/>
  <testcase name="shouldAnswerWithTrue" classname="it.unipd.mtss.RomanLettersTest" time="0"/>
  <testcase name="testAllLettersHaveSameHeight" classname="it.unipd.mtss.RomanLettersTest" time="0"/>
  <testcase name="testGetAsciiArtForI" classname="it.unipd.mtss.RomanLettersTest" time="0.002"/>
  <testcase name="testGetAsciiArtForV" classname="it.unipd.mtss.RomanLettersTest" time="0.008">
    <failure message="arrays first differed at element [0]; expected:&lt;__      [__  ]&gt; but was:&lt;__      [  __]&gt;" type="org.junit.internal.ArrayComparisonFailure"><![CDATA[org.junit.internal.ArrayComparisonFailure: arrays first differed at element [0]; expected:<__      [__  ]> but was:<__      [  __]>
	at it.unipd.mtss.RomanLettersTest.testGetAsciiArtForV(RomanLettersTest.java:50)
]]></failure>
  </testcase>
  <testcase name="testFromCharValid" classname="it.unipd.mtss.RomanLettersTest" time="0"/>
  <testcase name="testNoEmptyLines" classname="it.unipd.mtss.RomanLettersTest" time="0"/>
</testsuite>